ARM GAS  C:\Users\user\AppData\Local\Temp\cckmtQfs.s 			page 1


   1              		.cpu cortex-m0
   2              		.fpu softvfp
   3              		.eabi_attribute 20, 1
   4              		.eabi_attribute 21, 1
   5              		.eabi_attribute 23, 3
   6              		.eabi_attribute 24, 1
   7              		.eabi_attribute 25, 1
   8              		.eabi_attribute 26, 1
   9              		.eabi_attribute 30, 6
  10              		.eabi_attribute 34, 0
  11              		.eabi_attribute 18, 4
  12              		.code	16
  13              		.file	"WatchdogTimer.c"
  14              		.text
  15              	.Ltext0:
  16              		.cfi_sections	.debug_frame
  17              		.bss
  18              		.align	2
  19              	watchdogTimestamp:
  20 0000 00000000 		.space	4
  21              		.section	.text.WatchdogTimer_Isr,"ax",%progbits
  22              		.align	2
  23              		.global	WatchdogTimer_Isr
  24              		.code	16
  25              		.thumb_func
  26              		.type	WatchdogTimer_Isr, %function
  27              	WatchdogTimer_Isr:
  28              	.LFB35:
  29              		.file 1 ".\\WatchdogTimer.c"
   1:.\WatchdogTimer.c **** /*****************************************************************************
   2:.\WatchdogTimer.c **** * File Name: WatchdogTimer.c
   3:.\WatchdogTimer.c **** *
   4:.\WatchdogTimer.c **** * Version: 1.0
   5:.\WatchdogTimer.c **** *
   6:.\WatchdogTimer.c **** * Description:
   7:.\WatchdogTimer.c **** * This file defines the watchdog timer functionality for this lab session in 
   8:.\WatchdogTimer.c **** * the PSoC 4 BLE Lab 3.
   9:.\WatchdogTimer.c **** *
  10:.\WatchdogTimer.c **** * Hardware Dependency:
  11:.\WatchdogTimer.c **** * CY8CKIT-042 BLE Pioneer Kit
  12:.\WatchdogTimer.c **** *
  13:.\WatchdogTimer.c **** ******************************************************************************
  14:.\WatchdogTimer.c **** * Copyright (2014), Cypress Semiconductor Corporation.
  15:.\WatchdogTimer.c **** ******************************************************************************
  16:.\WatchdogTimer.c **** * This software is owned by Cypress Semiconductor Corporation (Cypress) and is
  17:.\WatchdogTimer.c **** * protected by and subject to worldwide patent protection (United States and
  18:.\WatchdogTimer.c **** * foreign), United States copyright laws and international treaty provisions.
  19:.\WatchdogTimer.c **** * Cypress hereby grants to licensee a personal, non-exclusive, non-transferable
  20:.\WatchdogTimer.c **** * license to copy, use, modify, create derivative works of, and compile the
  21:.\WatchdogTimer.c **** * Cypress Source Code and derivative works for the sole purpose of creating
  22:.\WatchdogTimer.c **** * custom software in support of licensee product to be used only in conjunction
  23:.\WatchdogTimer.c **** * with a Cypress integrated circuit as specified in the applicable agreement.
  24:.\WatchdogTimer.c **** * Any reproduction, modification, translation, compilation, or representation of
  25:.\WatchdogTimer.c **** * this software except as specified above is prohibited without the express
  26:.\WatchdogTimer.c **** * written permission of Cypress.
  27:.\WatchdogTimer.c **** *
  28:.\WatchdogTimer.c **** * Disclaimer: CYPRESS MAKES NO WARRANTY OF ANY KIND, EXPRESS OR IMPLIED, WITH
ARM GAS  C:\Users\user\AppData\Local\Temp\cckmtQfs.s 			page 2


  29:.\WatchdogTimer.c **** * REGARD TO THIS MATERIAL, INCLUDING, BUT NOT LIMITED TO, THE IMPLIED
  30:.\WatchdogTimer.c **** * WARRANTIES OF MERCHANTABILITY AND FITNESS FOR A PARTICULAR PURPOSE.
  31:.\WatchdogTimer.c **** * Cypress reserves the right to make changes without further notice to the
  32:.\WatchdogTimer.c **** * materials described herein. Cypress does not assume any liability arising out
  33:.\WatchdogTimer.c **** * of the application or use of any product or circuit described herein. Cypress
  34:.\WatchdogTimer.c **** * does not authorize its products for use as critical components in life-support
  35:.\WatchdogTimer.c **** * systems where a malfunction or failure may reasonably be expected to result in
  36:.\WatchdogTimer.c **** * significant injury to the user. The inclusion of Cypress' product in a life-
  37:.\WatchdogTimer.c **** * support systems application implies that the manufacturer assumes all risk of
  38:.\WatchdogTimer.c **** * such use and in doing so indemnifies Cypress against all charges. Use may be
  39:.\WatchdogTimer.c **** * limited by and subject to the applicable Cypress software license agreement.
  40:.\WatchdogTimer.c **** *****************************************************************************/
  41:.\WatchdogTimer.c **** 
  42:.\WatchdogTimer.c **** 
  43:.\WatchdogTimer.c **** /*****************************************************************************
  44:.\WatchdogTimer.c **** * Included headers
  45:.\WatchdogTimer.c **** *****************************************************************************/
  46:.\WatchdogTimer.c **** #include <project.h>
  47:.\WatchdogTimer.c **** 
  48:.\WatchdogTimer.c **** 
  49:.\WatchdogTimer.c **** /*****************************************************************************
  50:.\WatchdogTimer.c **** * Macros and constants
  51:.\WatchdogTimer.c **** *****************************************************************************/
  52:.\WatchdogTimer.c **** #define WDT_PERIOD_MS               (10)
  53:.\WatchdogTimer.c **** #define WDT_TICKS_PER_MS            (32)
  54:.\WatchdogTimer.c **** #define WDT_TICKS                   (WDT_PERIOD_MS * WDT_TICKS_PER_MS)
  55:.\WatchdogTimer.c **** #define WDT_INTERRUPT_NUM           (8)
  56:.\WatchdogTimer.c **** 
  57:.\WatchdogTimer.c **** 
  58:.\WatchdogTimer.c **** /*****************************************************************************
  59:.\WatchdogTimer.c **** * Static variables
  60:.\WatchdogTimer.c **** *****************************************************************************/
  61:.\WatchdogTimer.c **** static uint32 watchdogTimestamp = 0;
  62:.\WatchdogTimer.c **** 
  63:.\WatchdogTimer.c **** 
  64:.\WatchdogTimer.c **** /*****************************************************************************
  65:.\WatchdogTimer.c **** * Public function definitions
  66:.\WatchdogTimer.c **** *****************************************************************************/
  67:.\WatchdogTimer.c **** 
  68:.\WatchdogTimer.c **** /*****************************************************************************
  69:.\WatchdogTimer.c **** * Function Name: WatchdogTimer_Isr
  70:.\WatchdogTimer.c **** ******************************************************************************
  71:.\WatchdogTimer.c **** * Summary:
  72:.\WatchdogTimer.c **** * Interrupt service routine for the watchdog timer.
  73:.\WatchdogTimer.c **** *
  74:.\WatchdogTimer.c **** * Parameters:
  75:.\WatchdogTimer.c **** * None
  76:.\WatchdogTimer.c **** *
  77:.\WatchdogTimer.c **** * Return:
  78:.\WatchdogTimer.c **** * None
  79:.\WatchdogTimer.c **** *
  80:.\WatchdogTimer.c **** * Theory:
  81:.\WatchdogTimer.c **** * The ISR increments the system timestamp by the watchdog timer period. It 
  82:.\WatchdogTimer.c **** * then clears the WDT interrupt.
  83:.\WatchdogTimer.c **** *
  84:.\WatchdogTimer.c **** * Side Effects:
  85:.\WatchdogTimer.c **** * None
ARM GAS  C:\Users\user\AppData\Local\Temp\cckmtQfs.s 			page 3


  86:.\WatchdogTimer.c **** *
  87:.\WatchdogTimer.c **** *****************************************************************************/
  88:.\WatchdogTimer.c **** CY_ISR(WatchdogTimer_Isr)
  89:.\WatchdogTimer.c **** {
  30              		.loc 1 89 0
  31              		.cfi_startproc
  32 0000 80B5     		push	{r7, lr}
  33              		.cfi_def_cfa_offset 8
  34              		.cfi_offset 7, -8
  35              		.cfi_offset 14, -4
  36 0002 00AF     		add	r7, sp, #0
  37              		.cfi_def_cfa_register 7
  90:.\WatchdogTimer.c ****     /* Update the system timestamp - the watchdog period time has elapsed
  91:.\WatchdogTimer.c ****      * since the last interrupt.
  92:.\WatchdogTimer.c ****      */
  93:.\WatchdogTimer.c ****     watchdogTimestamp += WDT_PERIOD_MS;
  38              		.loc 1 93 0
  39 0004 054B     		ldr	r3, .L2
  40 0006 1B68     		ldr	r3, [r3]
  41 0008 1A1C     		mov	r2, r3
  42 000a 0A32     		add	r2, r2, #10
  43 000c 034B     		ldr	r3, .L2
  44 000e 1A60     		str	r2, [r3]
  94:.\WatchdogTimer.c ****     
  95:.\WatchdogTimer.c ****     /* Clear WDT interrupt */
  96:.\WatchdogTimer.c ****     CySysWdtClearInterrupt(CY_SYS_WDT_COUNTER0_INT);
  45              		.loc 1 96 0
  46 0010 0420     		mov	r0, #4
  47 0012 FFF7FEFF 		bl	CySysWdtClearInterrupt
  97:.\WatchdogTimer.c **** }
  48              		.loc 1 97 0
  49 0016 BD46     		mov	sp, r7
  50              		@ sp needed
  51 0018 80BD     		pop	{r7, pc}
  52              	.L3:
  53 001a C046     		.align	2
  54              	.L2:
  55 001c 00000000 		.word	watchdogTimestamp
  56              		.cfi_endproc
  57              	.LFE35:
  58              		.size	WatchdogTimer_Isr, .-WatchdogTimer_Isr
  59              		.section	.text.WatchdogTimer_Start,"ax",%progbits
  60              		.align	2
  61              		.global	WatchdogTimer_Start
  62              		.code	16
  63              		.thumb_func
  64              		.type	WatchdogTimer_Start, %function
  65              	WatchdogTimer_Start:
  66              	.LFB36:
  98:.\WatchdogTimer.c **** 
  99:.\WatchdogTimer.c **** 
 100:.\WatchdogTimer.c **** /*****************************************************************************
 101:.\WatchdogTimer.c **** * Function Name: WatchdogTimer_Start
 102:.\WatchdogTimer.c **** ******************************************************************************
 103:.\WatchdogTimer.c **** * Summary:
 104:.\WatchdogTimer.c **** * Starts the watchdog timer WDT0 to be used as the system timer. Define a 
 105:.\WatchdogTimer.c **** * system timestamp variable to be updated on every watchdog interrupt.
ARM GAS  C:\Users\user\AppData\Local\Temp\cckmtQfs.s 			page 4


 106:.\WatchdogTimer.c **** *
 107:.\WatchdogTimer.c **** * Parameters:
 108:.\WatchdogTimer.c **** * None
 109:.\WatchdogTimer.c **** *
 110:.\WatchdogTimer.c **** * Return:
 111:.\WatchdogTimer.c **** * None
 112:.\WatchdogTimer.c **** *
 113:.\WatchdogTimer.c **** * Theory:
 114:.\WatchdogTimer.c **** * The function uses the watchdog timer WDT0 of the chip. It configures the 
 115:.\WatchdogTimer.c **** * timer to fire an interrupt upon match. The periodic interrupt updates the 
 116:.\WatchdogTimer.c **** * system timestamp variable which is used to keep track of the system activity.
 117:.\WatchdogTimer.c **** * The timer is configured for clear on match i.e. the WDT counter is reset to
 118:.\WatchdogTimer.c **** * zero upon a match event. The timer is continuously run.
 119:.\WatchdogTimer.c **** *
 120:.\WatchdogTimer.c **** * To change the watchdog timer settings, the function needs to unlock the 
 121:.\WatchdogTimer.c **** * WDT first, and then lock it after the modification is complete.
 122:.\WatchdogTimer.c **** *
 123:.\WatchdogTimer.c **** * Side Effects:
 124:.\WatchdogTimer.c **** * None
 125:.\WatchdogTimer.c **** *
 126:.\WatchdogTimer.c **** *****************************************************************************/
 127:.\WatchdogTimer.c **** void WatchdogTimer_Start(void)
 128:.\WatchdogTimer.c **** {
  67              		.loc 1 128 0
  68              		.cfi_startproc
  69 0000 80B5     		push	{r7, lr}
  70              		.cfi_def_cfa_offset 8
  71              		.cfi_offset 7, -8
  72              		.cfi_offset 14, -4
  73 0002 00AF     		add	r7, sp, #0
  74              		.cfi_def_cfa_register 7
 129:.\WatchdogTimer.c ****     /* Set the WDT ISR */
 130:.\WatchdogTimer.c ****     CyIntSetVector(WDT_INTERRUPT_NUM, &WatchdogTimer_Isr);
  75              		.loc 1 130 0
  76 0004 0F4B     		ldr	r3, .L5
  77 0006 0820     		mov	r0, #8
  78 0008 191C     		mov	r1, r3
  79 000a FFF7FEFF 		bl	CyIntSetVector
 131:.\WatchdogTimer.c ****     
 132:.\WatchdogTimer.c ****     /* Unlock the sytem watchdog timer to be able to change settings */
 133:.\WatchdogTimer.c **** 	CySysWdtUnlock();
  80              		.loc 1 133 0
  81 000e FFF7FEFF 		bl	CySysWdtUnlock
 134:.\WatchdogTimer.c ****     
 135:.\WatchdogTimer.c ****     /* Configure the watchdog timer 0 (WDT0) to fire an interrupt upon match 
 136:.\WatchdogTimer.c ****      * i.e. when the count register value equals the match register value.
 137:.\WatchdogTimer.c ****      */
 138:.\WatchdogTimer.c ****     CySysWdtWriteMode(0, CY_SYS_WDT_MODE_INT);
  82              		.loc 1 138 0
  83 0012 0020     		mov	r0, #0
  84 0014 0121     		mov	r1, #1
  85 0016 FFF7FEFF 		bl	CySysWdtSetMode
 139:.\WatchdogTimer.c ****     
 140:.\WatchdogTimer.c ****     /* WDT0 counter to be cleared upon a match event and then begin again.
 141:.\WatchdogTimer.c ****      * The timer is to be run continuously.
 142:.\WatchdogTimer.c ****      */
 143:.\WatchdogTimer.c **** 	CySysWdtWriteClearOnMatch(0, 1);
ARM GAS  C:\Users\user\AppData\Local\Temp\cckmtQfs.s 			page 5


  86              		.loc 1 143 0
  87 001a 0020     		mov	r0, #0
  88 001c 0121     		mov	r1, #1
  89 001e FFF7FEFF 		bl	CySysWdtSetClearOnMatch
 144:.\WatchdogTimer.c ****     
 145:.\WatchdogTimer.c ****     /* Set the value of the match register. Since the count starts from zero, 
 146:.\WatchdogTimer.c ****      * the actual value is the (intended - 1). 
 147:.\WatchdogTimer.c ****      * The match register value set here is for 10 ms interval. This is 
 148:.\WatchdogTimer.c ****      * because we want to run a main loop of 10 ms with a scan happening at 
 149:.\WatchdogTimer.c ****      * the beginning of the loop and stay in deep sleep for the rest of the
 150:.\WatchdogTimer.c ****      * time. With a scan happening every 10 ms, we can properly detect a 
 151:.\WatchdogTimer.c ****      * heart rate without missing a beat.
 152:.\WatchdogTimer.c ****      */
 153:.\WatchdogTimer.c ****     CySysWdtWriteMatch(0, WDT_TICKS - 1);
  90              		.loc 1 153 0
  91 0022 4023     		mov	r3, #64
  92 0024 FF33     		add	r3, r3, #255
  93 0026 0020     		mov	r0, #0
  94 0028 191C     		mov	r1, r3
  95 002a FFF7FEFF 		bl	CySysWdtSetMatch
 154:.\WatchdogTimer.c ****     
 155:.\WatchdogTimer.c ****     /* Enable the WDT0 */
 156:.\WatchdogTimer.c ****     CySysWdtEnable(CY_SYS_WDT_COUNTER0_MASK);
  96              		.loc 1 156 0
  97 002e 0120     		mov	r0, #1
  98 0030 FFF7FEFF 		bl	CySysWdtEnable
 157:.\WatchdogTimer.c ****     
 158:.\WatchdogTimer.c ****     /* Enable interrupt */
 159:.\WatchdogTimer.c ****     CyIntEnable(WDT_INTERRUPT_NUM);
  99              		.loc 1 159 0
 100 0034 0820     		mov	r0, #8
 101 0036 FFF7FEFF 		bl	CyIntEnable
 160:.\WatchdogTimer.c ****     
 161:.\WatchdogTimer.c ****     /* Lock the watchdog timer to prevent future modification */
 162:.\WatchdogTimer.c **** 	CySysWdtLock();
 102              		.loc 1 162 0
 103 003a FFF7FEFF 		bl	CySysWdtLock
 163:.\WatchdogTimer.c **** }
 104              		.loc 1 163 0
 105 003e BD46     		mov	sp, r7
 106              		@ sp needed
 107 0040 80BD     		pop	{r7, pc}
 108              	.L6:
 109 0042 C046     		.align	2
 110              	.L5:
 111 0044 00000000 		.word	WatchdogTimer_Isr
 112              		.cfi_endproc
 113              	.LFE36:
 114              		.size	WatchdogTimer_Start, .-WatchdogTimer_Start
 115              		.section	.text.WatchdogTimer_GetTimestamp,"ax",%progbits
 116              		.align	2
 117              		.global	WatchdogTimer_GetTimestamp
 118              		.code	16
 119              		.thumb_func
 120              		.type	WatchdogTimer_GetTimestamp, %function
 121              	WatchdogTimer_GetTimestamp:
 122              	.LFB37:
ARM GAS  C:\Users\user\AppData\Local\Temp\cckmtQfs.s 			page 6


 164:.\WatchdogTimer.c **** 
 165:.\WatchdogTimer.c **** 
 166:.\WatchdogTimer.c **** /*****************************************************************************
 167:.\WatchdogTimer.c **** * Function Name: WatchdogTimer_GetTimestamp
 168:.\WatchdogTimer.c **** ******************************************************************************
 169:.\WatchdogTimer.c **** * Summary:
 170:.\WatchdogTimer.c **** * Returns the system timestamp value.
 171:.\WatchdogTimer.c **** *
 172:.\WatchdogTimer.c **** * Parameters:
 173:.\WatchdogTimer.c **** * None
 174:.\WatchdogTimer.c **** *
 175:.\WatchdogTimer.c **** * Return:
 176:.\WatchdogTimer.c **** * uint32: Current system timestamp 
 177:.\WatchdogTimer.c **** *
 178:.\WatchdogTimer.c **** * Theory:
 179:.\WatchdogTimer.c **** * The function returns the watchdog timestamp.
 180:.\WatchdogTimer.c **** *
 181:.\WatchdogTimer.c **** * Side Effects:
 182:.\WatchdogTimer.c **** * None
 183:.\WatchdogTimer.c **** *
 184:.\WatchdogTimer.c **** *****************************************************************************/
 185:.\WatchdogTimer.c **** uint32 WatchdogTimer_GetTimestamp(void)
 186:.\WatchdogTimer.c **** {
 123              		.loc 1 186 0
 124              		.cfi_startproc
 125 0000 80B5     		push	{r7, lr}
 126              		.cfi_def_cfa_offset 8
 127              		.cfi_offset 7, -8
 128              		.cfi_offset 14, -4
 129 0002 00AF     		add	r7, sp, #0
 130              		.cfi_def_cfa_register 7
 187:.\WatchdogTimer.c ****     return watchdogTimestamp;
 131              		.loc 1 187 0
 132 0004 024B     		ldr	r3, .L9
 133 0006 1B68     		ldr	r3, [r3]
 188:.\WatchdogTimer.c **** }
 134              		.loc 1 188 0
 135 0008 181C     		mov	r0, r3
 136 000a BD46     		mov	sp, r7
 137              		@ sp needed
 138 000c 80BD     		pop	{r7, pc}
 139              	.L10:
 140 000e C046     		.align	2
 141              	.L9:
 142 0010 00000000 		.word	watchdogTimestamp
 143              		.cfi_endproc
 144              	.LFE37:
 145              		.size	WatchdogTimer_GetTimestamp, .-WatchdogTimer_GetTimestamp
 146              		.text
 147              	.Letext0:
 148              		.file 2 "Generated_Source\\PSoC4/BLE_Stack.h"
 149              		.file 3 "Generated_Source\\PSoC4/BLE_hrs.h"
 150              		.file 4 "Generated_Source\\PSoC4/BLE_dis.h"
 151              		.file 5 "Generated_Source\\PSoC4/cytypes.h"
 152              		.section	.debug_info,"",%progbits
 153              	.Ldebug_info0:
 154 0000 C2020000 		.4byte	0x2c2
ARM GAS  C:\Users\user\AppData\Local\Temp\cckmtQfs.s 			page 7


 155 0004 0400     		.2byte	0x4
 156 0006 00000000 		.4byte	.Ldebug_abbrev0
 157 000a 04       		.byte	0x4
 158 000b 01       		.uleb128 0x1
 159 000c 40090000 		.4byte	.LASF86
 160 0010 01       		.byte	0x1
 161 0011 36000000 		.4byte	.LASF87
 162 0015 85080000 		.4byte	.LASF88
 163 0019 00000000 		.4byte	.Ldebug_ranges0+0
 164 001d 00000000 		.4byte	0
 165 0021 00000000 		.4byte	.Ldebug_line0
 166 0025 02       		.uleb128 0x2
 167 0026 01       		.byte	0x1
 168 0027 06       		.byte	0x6
 169 0028 34040000 		.4byte	.LASF0
 170 002c 02       		.uleb128 0x2
 171 002d 01       		.byte	0x1
 172 002e 08       		.byte	0x8
 173 002f DA030000 		.4byte	.LASF1
 174 0033 02       		.uleb128 0x2
 175 0034 02       		.byte	0x2
 176 0035 05       		.byte	0x5
 177 0036 48000000 		.4byte	.LASF2
 178 003a 02       		.uleb128 0x2
 179 003b 02       		.byte	0x2
 180 003c 07       		.byte	0x7
 181 003d 2C050000 		.4byte	.LASF3
 182 0041 02       		.uleb128 0x2
 183 0042 04       		.byte	0x4
 184 0043 05       		.byte	0x5
 185 0044 8E020000 		.4byte	.LASF4
 186 0048 02       		.uleb128 0x2
 187 0049 04       		.byte	0x4
 188 004a 07       		.byte	0x7
 189 004b C5040000 		.4byte	.LASF5
 190 004f 02       		.uleb128 0x2
 191 0050 08       		.byte	0x8
 192 0051 05       		.byte	0x5
 193 0052 69020000 		.4byte	.LASF6
 194 0056 02       		.uleb128 0x2
 195 0057 08       		.byte	0x8
 196 0058 07       		.byte	0x7
 197 0059 77020000 		.4byte	.LASF7
 198 005d 03       		.uleb128 0x3
 199 005e 04       		.byte	0x4
 200 005f 05       		.byte	0x5
 201 0060 696E7400 		.ascii	"int\000"
 202 0064 02       		.uleb128 0x2
 203 0065 04       		.byte	0x4
 204 0066 07       		.byte	0x7
 205 0067 9D040000 		.4byte	.LASF8
 206 006b 04       		.uleb128 0x4
 207 006c DE050000 		.4byte	.LASF89
 208 0070 05       		.byte	0x5
 209 0071 B5       		.byte	0xb5
 210 0072 48000000 		.4byte	0x48
 211 0076 02       		.uleb128 0x2
ARM GAS  C:\Users\user\AppData\Local\Temp\cckmtQfs.s 			page 8


 212 0077 04       		.byte	0x4
 213 0078 04       		.byte	0x4
 214 0079 30020000 		.4byte	.LASF9
 215 007d 02       		.uleb128 0x2
 216 007e 08       		.byte	0x8
 217 007f 04       		.byte	0x4
 218 0080 26060000 		.4byte	.LASF10
 219 0084 02       		.uleb128 0x2
 220 0085 01       		.byte	0x1
 221 0086 08       		.byte	0x8
 222 0087 68050000 		.4byte	.LASF11
 223 008b 02       		.uleb128 0x2
 224 008c 04       		.byte	0x4
 225 008d 07       		.byte	0x7
 226 008e 8A000000 		.4byte	.LASF12
 227 0092 05       		.uleb128 0x5
 228 0093 01       		.byte	0x1
 229 0094 02       		.byte	0x2
 230 0095 7A       		.byte	0x7a
 231 0096 17020000 		.4byte	0x217
 232 009a 06       		.uleb128 0x6
 233 009b DA010000 		.4byte	.LASF13
 234 009f 00       		.sleb128 0
 235 00a0 06       		.uleb128 0x6
 236 00a1 45010000 		.4byte	.LASF14
 237 00a5 01       		.sleb128 1
 238 00a6 06       		.uleb128 0x6
 239 00a7 A8070000 		.4byte	.LASF15
 240 00ab 02       		.sleb128 2
 241 00ac 06       		.uleb128 0x6
 242 00ad 8D060000 		.4byte	.LASF16
 243 00b1 03       		.sleb128 3
 244 00b2 06       		.uleb128 0x6
 245 00b3 0F010000 		.4byte	.LASF17
 246 00b7 04       		.sleb128 4
 247 00b8 06       		.uleb128 0x6
 248 00b9 06030000 		.4byte	.LASF18
 249 00bd 05       		.sleb128 5
 250 00be 06       		.uleb128 0x6
 251 00bf FD060000 		.4byte	.LASF19
 252 00c3 20       		.sleb128 32
 253 00c4 06       		.uleb128 0x6
 254 00c5 D7040000 		.4byte	.LASF20
 255 00c9 21       		.sleb128 33
 256 00ca 06       		.uleb128 0x6
 257 00cb 00000000 		.4byte	.LASF21
 258 00cf 22       		.sleb128 34
 259 00d0 06       		.uleb128 0x6
 260 00d1 39030000 		.4byte	.LASF22
 261 00d5 23       		.sleb128 35
 262 00d6 06       		.uleb128 0x6
 263 00d7 81040000 		.4byte	.LASF23
 264 00db 24       		.sleb128 36
 265 00dc 06       		.uleb128 0x6
 266 00dd 52000000 		.4byte	.LASF24
 267 00e1 25       		.sleb128 37
 268 00e2 06       		.uleb128 0x6
ARM GAS  C:\Users\user\AppData\Local\Temp\cckmtQfs.s 			page 9


 269 00e3 65060000 		.4byte	.LASF25
 270 00e7 26       		.sleb128 38
 271 00e8 06       		.uleb128 0x6
 272 00e9 B8020000 		.4byte	.LASF26
 273 00ed 27       		.sleb128 39
 274 00ee 06       		.uleb128 0x6
 275 00ef FA080000 		.4byte	.LASF27
 276 00f3 28       		.sleb128 40
 277 00f4 06       		.uleb128 0x6
 278 00f5 0F050000 		.4byte	.LASF28
 279 00f9 29       		.sleb128 41
 280 00fa 06       		.uleb128 0x6
 281 00fb 3F050000 		.4byte	.LASF29
 282 00ff 2A       		.sleb128 42
 283 0100 06       		.uleb128 0x6
 284 0101 DE070000 		.4byte	.LASF30
 285 0105 2B       		.sleb128 43
 286 0106 06       		.uleb128 0x6
 287 0107 76010000 		.4byte	.LASF31
 288 010b 2C       		.sleb128 44
 289 010c 06       		.uleb128 0x6
 290 010d C0000000 		.4byte	.LASF32
 291 0111 C000     		.sleb128 64
 292 0113 06       		.uleb128 0x6
 293 0114 AA040000 		.4byte	.LASF33
 294 0118 C100     		.sleb128 65
 295 011a 06       		.uleb128 0x6
 296 011b 6C000000 		.4byte	.LASF34
 297 011f C200     		.sleb128 66
 298 0121 06       		.uleb128 0x6
 299 0122 58010000 		.4byte	.LASF35
 300 0126 C300     		.sleb128 67
 301 0128 06       		.uleb128 0x6
 302 0129 5F070000 		.4byte	.LASF36
 303 012d C400     		.sleb128 68
 304 012f 06       		.uleb128 0x6
 305 0130 21070000 		.4byte	.LASF37
 306 0134 C500     		.sleb128 69
 307 0136 06       		.uleb128 0x6
 308 0137 24010000 		.4byte	.LASF38
 309 013b C600     		.sleb128 70
 310 013d 06       		.uleb128 0x6
 311 013e 26080000 		.4byte	.LASF39
 312 0142 C700     		.sleb128 71
 313 0144 06       		.uleb128 0x6
 314 0145 5A040000 		.4byte	.LASF40
 315 0149 C800     		.sleb128 72
 316 014b 06       		.uleb128 0x6
 317 014c 36020000 		.4byte	.LASF41
 318 0150 C900     		.sleb128 73
 319 0152 06       		.uleb128 0x6
 320 0153 A1050000 		.4byte	.LASF42
 321 0157 CA00     		.sleb128 74
 322 0159 06       		.uleb128 0x6
 323 015a 9A010000 		.4byte	.LASF43
 324 015e CB00     		.sleb128 75
 325 0160 06       		.uleb128 0x6
ARM GAS  C:\Users\user\AppData\Local\Temp\cckmtQfs.s 			page 10


 326 0161 40040000 		.4byte	.LASF44
 327 0165 CC00     		.sleb128 76
 328 0167 06       		.uleb128 0x6
 329 0168 4F020000 		.4byte	.LASF45
 330 016c CD00     		.sleb128 77
 331 016e 06       		.uleb128 0x6
 332 016f F1000000 		.4byte	.LASF46
 333 0173 CE00     		.sleb128 78
 334 0175 06       		.uleb128 0x6
 335 0176 E8030000 		.4byte	.LASF47
 336 017a CF00     		.sleb128 79
 337 017c 06       		.uleb128 0x6
 338 017d 66080000 		.4byte	.LASF48
 339 0181 D000     		.sleb128 80
 340 0183 06       		.uleb128 0x6
 341 0184 BF050000 		.4byte	.LASF49
 342 0188 D100     		.sleb128 81
 343 018a 06       		.uleb128 0x6
 344 018b E5020000 		.4byte	.LASF50
 345 018f D200     		.sleb128 82
 346 0191 06       		.uleb128 0x6
 347 0192 97020000 		.4byte	.LASF51
 348 0196 D300     		.sleb128 83
 349 0198 06       		.uleb128 0x6
 350 0199 B9010000 		.4byte	.LASF52
 351 019d D400     		.sleb128 84
 352 019f 06       		.uleb128 0x6
 353 01a0 1C090000 		.4byte	.LASF53
 354 01a4 D500     		.sleb128 85
 355 01a6 06       		.uleb128 0x6
 356 01a7 44080000 		.4byte	.LASF54
 357 01ab D600     		.sleb128 86
 358 01ad 06       		.uleb128 0x6
 359 01ae FD070000 		.4byte	.LASF55
 360 01b2 D700     		.sleb128 87
 361 01b4 06       		.uleb128 0x6
 362 01b5 B4030000 		.4byte	.LASF56
 363 01b9 F000     		.sleb128 112
 364 01bb 06       		.uleb128 0x6
 365 01bc C5060000 		.4byte	.LASF57
 366 01c0 F100     		.sleb128 113
 367 01c2 06       		.uleb128 0x6
 368 01c3 6D050000 		.4byte	.LASF58
 369 01c7 F200     		.sleb128 114
 370 01c9 06       		.uleb128 0x6
 371 01ca F1010000 		.4byte	.LASF59
 372 01ce F300     		.sleb128 115
 373 01d0 06       		.uleb128 0x6
 374 01d1 6D030000 		.4byte	.LASF60
 375 01d5 F400     		.sleb128 116
 376 01d7 06       		.uleb128 0x6
 377 01d8 EE040000 		.4byte	.LASF61
 378 01dc F500     		.sleb128 117
 379 01de 06       		.uleb128 0x6
 380 01df 0F020000 		.4byte	.LASF62
 381 01e3 F600     		.sleb128 118
 382 01e5 06       		.uleb128 0x6
ARM GAS  C:\Users\user\AppData\Local\Temp\cckmtQfs.s 			page 11


 383 01e6 A6060000 		.4byte	.LASF63
 384 01ea F700     		.sleb128 119
 385 01ec 06       		.uleb128 0x6
 386 01ed 03060000 		.4byte	.LASF64
 387 01f1 F800     		.sleb128 120
 388 01f3 06       		.uleb128 0x6
 389 01f4 2D060000 		.4byte	.LASF65
 390 01f8 F900     		.sleb128 121
 391 01fa 06       		.uleb128 0x6
 392 01fb BA070000 		.4byte	.LASF66
 393 01ff FA00     		.sleb128 122
 394 0201 06       		.uleb128 0x6
 395 0202 E5050000 		.4byte	.LASF67
 396 0206 FA01     		.sleb128 250
 397 0208 06       		.uleb128 0x6
 398 0209 07040000 		.4byte	.LASF68
 399 020d FB01     		.sleb128 251
 400 020f 06       		.uleb128 0x6
 401 0210 A6030000 		.4byte	.LASF69
 402 0214 FF01     		.sleb128 255
 403 0216 00       		.byte	0
 404 0217 05       		.uleb128 0x5
 405 0218 01       		.byte	0x1
 406 0219 03       		.byte	0x3
 407 021a 22       		.byte	0x22
 408 021b 38020000 		.4byte	0x238
 409 021f 06       		.uleb128 0x6
 410 0220 5F030000 		.4byte	.LASF70
 411 0224 00       		.sleb128 0
 412 0225 06       		.uleb128 0x6
 413 0226 D7020000 		.4byte	.LASF71
 414 022a 01       		.sleb128 1
 415 022b 06       		.uleb128 0x6
 416 022c 26040000 		.4byte	.LASF72
 417 0230 02       		.sleb128 2
 418 0231 06       		.uleb128 0x6
 419 0232 93000000 		.4byte	.LASF73
 420 0236 03       		.sleb128 3
 421 0237 00       		.byte	0
 422 0238 05       		.uleb128 0x5
 423 0239 01       		.byte	0x1
 424 023a 04       		.byte	0x4
 425 023b 1D       		.byte	0x1d
 426 023c 7D020000 		.4byte	0x27d
 427 0240 06       		.uleb128 0x6
 428 0241 D0090000 		.4byte	.LASF74
 429 0245 00       		.sleb128 0
 430 0246 06       		.uleb128 0x6
 431 0247 22030000 		.4byte	.LASF75
 432 024b 01       		.sleb128 1
 433 024c 06       		.uleb128 0x6
 434 024d A8000000 		.4byte	.LASF76
 435 0251 02       		.sleb128 2
 436 0252 06       		.uleb128 0x6
 437 0253 91070000 		.4byte	.LASF77
 438 0257 03       		.sleb128 3
 439 0258 06       		.uleb128 0x6
ARM GAS  C:\Users\user\AppData\Local\Temp\cckmtQfs.s 			page 12


 440 0259 48070000 		.4byte	.LASF78
 441 025d 04       		.sleb128 4
 442 025e 06       		.uleb128 0x6
 443 025f DA000000 		.4byte	.LASF79
 444 0263 05       		.sleb128 5
 445 0264 06       		.uleb128 0x6
 446 0265 BC090000 		.4byte	.LASF80
 447 0269 06       		.sleb128 6
 448 026a 06       		.uleb128 0x6
 449 026b 89050000 		.4byte	.LASF81
 450 026f 07       		.sleb128 7
 451 0270 06       		.uleb128 0x6
 452 0271 EC090000 		.4byte	.LASF82
 453 0275 08       		.sleb128 8
 454 0276 06       		.uleb128 0x6
 455 0277 50060000 		.4byte	.LASF83
 456 027b 09       		.sleb128 9
 457 027c 00       		.byte	0
 458 027d 07       		.uleb128 0x7
 459 027e 24000000 		.4byte	.LASF84
 460 0282 01       		.byte	0x1
 461 0283 58       		.byte	0x58
 462 0284 00000000 		.4byte	.LFB35
 463 0288 20000000 		.4byte	.LFE35-.LFB35
 464 028c 01       		.uleb128 0x1
 465 028d 9C       		.byte	0x9c
 466 028e 07       		.uleb128 0x7
 467 028f 7D070000 		.4byte	.LASF85
 468 0293 01       		.byte	0x1
 469 0294 7F       		.byte	0x7f
 470 0295 00000000 		.4byte	.LFB36
 471 0299 48000000 		.4byte	.LFE36-.LFB36
 472 029d 01       		.uleb128 0x1
 473 029e 9C       		.byte	0x9c
 474 029f 08       		.uleb128 0x8
 475 02a0 8B030000 		.4byte	.LASF90
 476 02a4 01       		.byte	0x1
 477 02a5 B9       		.byte	0xb9
 478 02a6 6B000000 		.4byte	0x6b
 479 02aa 00000000 		.4byte	.LFB37
 480 02ae 14000000 		.4byte	.LFE37-.LFB37
 481 02b2 01       		.uleb128 0x1
 482 02b3 9C       		.byte	0x9c
 483 02b4 09       		.uleb128 0x9
 484 02b5 EB060000 		.4byte	.LASF91
 485 02b9 01       		.byte	0x1
 486 02ba 3D       		.byte	0x3d
 487 02bb 6B000000 		.4byte	0x6b
 488 02bf 05       		.uleb128 0x5
 489 02c0 03       		.byte	0x3
 490 02c1 00000000 		.4byte	watchdogTimestamp
 491 02c5 00       		.byte	0
 492              		.section	.debug_abbrev,"",%progbits
 493              	.Ldebug_abbrev0:
 494 0000 01       		.uleb128 0x1
 495 0001 11       		.uleb128 0x11
 496 0002 01       		.byte	0x1
ARM GAS  C:\Users\user\AppData\Local\Temp\cckmtQfs.s 			page 13


 497 0003 25       		.uleb128 0x25
 498 0004 0E       		.uleb128 0xe
 499 0005 13       		.uleb128 0x13
 500 0006 0B       		.uleb128 0xb
 501 0007 03       		.uleb128 0x3
 502 0008 0E       		.uleb128 0xe
 503 0009 1B       		.uleb128 0x1b
 504 000a 0E       		.uleb128 0xe
 505 000b 55       		.uleb128 0x55
 506 000c 17       		.uleb128 0x17
 507 000d 11       		.uleb128 0x11
 508 000e 01       		.uleb128 0x1
 509 000f 10       		.uleb128 0x10
 510 0010 17       		.uleb128 0x17
 511 0011 00       		.byte	0
 512 0012 00       		.byte	0
 513 0013 02       		.uleb128 0x2
 514 0014 24       		.uleb128 0x24
 515 0015 00       		.byte	0
 516 0016 0B       		.uleb128 0xb
 517 0017 0B       		.uleb128 0xb
 518 0018 3E       		.uleb128 0x3e
 519 0019 0B       		.uleb128 0xb
 520 001a 03       		.uleb128 0x3
 521 001b 0E       		.uleb128 0xe
 522 001c 00       		.byte	0
 523 001d 00       		.byte	0
 524 001e 03       		.uleb128 0x3
 525 001f 24       		.uleb128 0x24
 526 0020 00       		.byte	0
 527 0021 0B       		.uleb128 0xb
 528 0022 0B       		.uleb128 0xb
 529 0023 3E       		.uleb128 0x3e
 530 0024 0B       		.uleb128 0xb
 531 0025 03       		.uleb128 0x3
 532 0026 08       		.uleb128 0x8
 533 0027 00       		.byte	0
 534 0028 00       		.byte	0
 535 0029 04       		.uleb128 0x4
 536 002a 16       		.uleb128 0x16
 537 002b 00       		.byte	0
 538 002c 03       		.uleb128 0x3
 539 002d 0E       		.uleb128 0xe
 540 002e 3A       		.uleb128 0x3a
 541 002f 0B       		.uleb128 0xb
 542 0030 3B       		.uleb128 0x3b
 543 0031 0B       		.uleb128 0xb
 544 0032 49       		.uleb128 0x49
 545 0033 13       		.uleb128 0x13
 546 0034 00       		.byte	0
 547 0035 00       		.byte	0
 548 0036 05       		.uleb128 0x5
 549 0037 04       		.uleb128 0x4
 550 0038 01       		.byte	0x1
 551 0039 0B       		.uleb128 0xb
 552 003a 0B       		.uleb128 0xb
 553 003b 3A       		.uleb128 0x3a
ARM GAS  C:\Users\user\AppData\Local\Temp\cckmtQfs.s 			page 14


 554 003c 0B       		.uleb128 0xb
 555 003d 3B       		.uleb128 0x3b
 556 003e 0B       		.uleb128 0xb
 557 003f 01       		.uleb128 0x1
 558 0040 13       		.uleb128 0x13
 559 0041 00       		.byte	0
 560 0042 00       		.byte	0
 561 0043 06       		.uleb128 0x6
 562 0044 28       		.uleb128 0x28
 563 0045 00       		.byte	0
 564 0046 03       		.uleb128 0x3
 565 0047 0E       		.uleb128 0xe
 566 0048 1C       		.uleb128 0x1c
 567 0049 0D       		.uleb128 0xd
 568 004a 00       		.byte	0
 569 004b 00       		.byte	0
 570 004c 07       		.uleb128 0x7
 571 004d 2E       		.uleb128 0x2e
 572 004e 00       		.byte	0
 573 004f 3F       		.uleb128 0x3f
 574 0050 19       		.uleb128 0x19
 575 0051 03       		.uleb128 0x3
 576 0052 0E       		.uleb128 0xe
 577 0053 3A       		.uleb128 0x3a
 578 0054 0B       		.uleb128 0xb
 579 0055 3B       		.uleb128 0x3b
 580 0056 0B       		.uleb128 0xb
 581 0057 27       		.uleb128 0x27
 582 0058 19       		.uleb128 0x19
 583 0059 11       		.uleb128 0x11
 584 005a 01       		.uleb128 0x1
 585 005b 12       		.uleb128 0x12
 586 005c 06       		.uleb128 0x6
 587 005d 40       		.uleb128 0x40
 588 005e 18       		.uleb128 0x18
 589 005f 9642     		.uleb128 0x2116
 590 0061 19       		.uleb128 0x19
 591 0062 00       		.byte	0
 592 0063 00       		.byte	0
 593 0064 08       		.uleb128 0x8
 594 0065 2E       		.uleb128 0x2e
 595 0066 00       		.byte	0
 596 0067 3F       		.uleb128 0x3f
 597 0068 19       		.uleb128 0x19
 598 0069 03       		.uleb128 0x3
 599 006a 0E       		.uleb128 0xe
 600 006b 3A       		.uleb128 0x3a
 601 006c 0B       		.uleb128 0xb
 602 006d 3B       		.uleb128 0x3b
 603 006e 0B       		.uleb128 0xb
 604 006f 27       		.uleb128 0x27
 605 0070 19       		.uleb128 0x19
 606 0071 49       		.uleb128 0x49
 607 0072 13       		.uleb128 0x13
 608 0073 11       		.uleb128 0x11
 609 0074 01       		.uleb128 0x1
 610 0075 12       		.uleb128 0x12
ARM GAS  C:\Users\user\AppData\Local\Temp\cckmtQfs.s 			page 15


 611 0076 06       		.uleb128 0x6
 612 0077 40       		.uleb128 0x40
 613 0078 18       		.uleb128 0x18
 614 0079 9742     		.uleb128 0x2117
 615 007b 19       		.uleb128 0x19
 616 007c 00       		.byte	0
 617 007d 00       		.byte	0
 618 007e 09       		.uleb128 0x9
 619 007f 34       		.uleb128 0x34
 620 0080 00       		.byte	0
 621 0081 03       		.uleb128 0x3
 622 0082 0E       		.uleb128 0xe
 623 0083 3A       		.uleb128 0x3a
 624 0084 0B       		.uleb128 0xb
 625 0085 3B       		.uleb128 0x3b
 626 0086 0B       		.uleb128 0xb
 627 0087 49       		.uleb128 0x49
 628 0088 13       		.uleb128 0x13
 629 0089 02       		.uleb128 0x2
 630 008a 18       		.uleb128 0x18
 631 008b 00       		.byte	0
 632 008c 00       		.byte	0
 633 008d 00       		.byte	0
 634              		.section	.debug_aranges,"",%progbits
 635 0000 2C000000 		.4byte	0x2c
 636 0004 0200     		.2byte	0x2
 637 0006 00000000 		.4byte	.Ldebug_info0
 638 000a 04       		.byte	0x4
 639 000b 00       		.byte	0
 640 000c 0000     		.2byte	0
 641 000e 0000     		.2byte	0
 642 0010 00000000 		.4byte	.LFB35
 643 0014 20000000 		.4byte	.LFE35-.LFB35
 644 0018 00000000 		.4byte	.LFB36
 645 001c 48000000 		.4byte	.LFE36-.LFB36
 646 0020 00000000 		.4byte	.LFB37
 647 0024 14000000 		.4byte	.LFE37-.LFB37
 648 0028 00000000 		.4byte	0
 649 002c 00000000 		.4byte	0
 650              		.section	.debug_ranges,"",%progbits
 651              	.Ldebug_ranges0:
 652 0000 00000000 		.4byte	.LFB35
 653 0004 20000000 		.4byte	.LFE35
 654 0008 00000000 		.4byte	.LFB36
 655 000c 48000000 		.4byte	.LFE36
 656 0010 00000000 		.4byte	.LFB37
 657 0014 14000000 		.4byte	.LFE37
 658 0018 00000000 		.4byte	0
 659 001c 00000000 		.4byte	0
 660              		.section	.debug_line,"",%progbits
 661              	.Ldebug_line0:
 662 0000 BB000000 		.section	.debug_str,"MS",%progbits,1
 662      02007500 
 662      00000201 
 662      FB0E0D00 
 662      01010101 
 663              	.LASF21:
ARM GAS  C:\Users\user\AppData\Local\Temp\cckmtQfs.s 			page 16


 664 0000 4359424C 		.ascii	"CYBLE_EVT_GAP_PASSKEY_ENTRY_REQUEST\000"
 664      455F4556 
 664      545F4741 
 664      505F5041 
 664      53534B45 
 665              	.LASF84:
 666 0024 57617463 		.ascii	"WatchdogTimer_Isr\000"
 666      68646F67 
 666      54696D65 
 666      725F4973 
 666      7200
 667              	.LASF87:
 668 0036 2E5C5761 		.ascii	".\\WatchdogTimer.c\000"
 668      74636864 
 668      6F675469 
 668      6D65722E 
 668      6300
 669              	.LASF2:
 670 0048 73686F72 		.ascii	"short int\000"
 670      7420696E 
 670      7400
 671              	.LASF24:
 672 0052 4359424C 		.ascii	"CYBLE_EVT_GAP_AUTH_FAILED\000"
 672      455F4556 
 672      545F4741 
 672      505F4155 
 672      54485F46 
 673              	.LASF34:
 674 006c 4359424C 		.ascii	"CYBLE_EVT_GATT_DISCONNECT_IND\000"
 674      455F4556 
 674      545F4741 
 674      54545F44 
 674      4953434F 
 675              	.LASF12:
 676 008a 73697A65 		.ascii	"sizetype\000"
 676      74797065 
 676      00
 677              	.LASF73:
 678 0093 4359424C 		.ascii	"CYBLE_HRS_CHAR_COUNT\000"
 678      455F4852 
 678      535F4348 
 678      41525F43 
 678      4F554E54 
 679              	.LASF76:
 680 00a8 4359424C 		.ascii	"CYBLE_DIS_SERIAL_NUMBER\000"
 680      455F4449 
 680      535F5345 
 680      5249414C 
 680      5F4E554D 
 681              	.LASF32:
 682 00c0 4359424C 		.ascii	"CYBLE_EVT_GATTC_ERROR_RSP\000"
 682      455F4556 
 682      545F4741 
 682      5454435F 
 682      4552524F 
 683              	.LASF79:
 684 00da 4359424C 		.ascii	"CYBLE_DIS_SOFTWARE_REV\000"
ARM GAS  C:\Users\user\AppData\Local\Temp\cckmtQfs.s 			page 17


 684      455F4449 
 684      535F534F 
 684      46545741 
 684      52455F52 
 685              	.LASF46:
 686 00f1 4359424C 		.ascii	"CYBLE_EVT_GATTS_WRITE_CMD_REQ\000"
 686      455F4556 
 686      545F4741 
 686      5454535F 
 686      57524954 
 687              	.LASF17:
 688 010f 4359424C 		.ascii	"CYBLE_EVT_HCI_STATUS\000"
 688      455F4556 
 688      545F4843 
 688      495F5354 
 688      41545553 
 689              	.LASF38:
 690 0124 4359424C 		.ascii	"CYBLE_EVT_GATTC_READ_BY_TYPE_RSP\000"
 690      455F4556 
 690      545F4741 
 690      5454435F 
 690      52454144 
 691              	.LASF14:
 692 0145 4359424C 		.ascii	"CYBLE_EVT_STACK_ON\000"
 692      455F4556 
 692      545F5354 
 692      41434B5F 
 692      4F4E00
 693              	.LASF35:
 694 0158 4359424C 		.ascii	"CYBLE_EVT_GATTS_XCNHG_MTU_REQ\000"
 694      455F4556 
 694      545F4741 
 694      5454535F 
 694      58434E48 
 695              	.LASF31:
 696 0176 4359424C 		.ascii	"CYBLE_EVT_GAP_KEYINFO_EXCHNGE_CMPLT\000"
 696      455F4556 
 696      545F4741 
 696      505F4B45 
 696      59494E46 
 697              	.LASF43:
 698 019a 4359424C 		.ascii	"CYBLE_EVT_GATTC_READ_MULTI_RSP\000"
 698      455F4556 
 698      545F4741 
 698      5454435F 
 698      52454144 
 699              	.LASF52:
 700 01b9 4359424C 		.ascii	"CYBLE_EVT_GATTS_HANDLE_VALUE_CNF\000"
 700      455F4556 
 700      545F4741 
 700      5454535F 
 700      48414E44 
 701              	.LASF13:
 702 01da 4359424C 		.ascii	"CYBLE_EVT_HOST_INVALID\000"
 702      455F4556 
 702      545F484F 
 702      53545F49 
ARM GAS  C:\Users\user\AppData\Local\Temp\cckmtQfs.s 			page 18


 702      4E56414C 
 703              	.LASF59:
 704 01f1 4359424C 		.ascii	"CYBLE_EVT_L2CAP_CBFC_CONN_IND\000"
 704      455F4556 
 704      545F4C32 
 704      4341505F 
 704      43424643 
 705              	.LASF62:
 706 020f 4359424C 		.ascii	"CYBLE_EVT_L2CAP_CBFC_DISCONN_CNF\000"
 706      455F4556 
 706      545F4C32 
 706      4341505F 
 706      43424643 
 707              	.LASF9:
 708 0230 666C6F61 		.ascii	"float\000"
 708      7400
 709              	.LASF41:
 710 0236 4359424C 		.ascii	"CYBLE_EVT_GATTC_READ_RSP\000"
 710      455F4556 
 710      545F4741 
 710      5454435F 
 710      52454144 
 711              	.LASF45:
 712 024f 4359424C 		.ascii	"CYBLE_EVT_GATTC_WRITE_RSP\000"
 712      455F4556 
 712      545F4741 
 712      5454435F 
 712      57524954 
 713              	.LASF6:
 714 0269 6C6F6E67 		.ascii	"long long int\000"
 714      206C6F6E 
 714      6720696E 
 714      7400
 715              	.LASF7:
 716 0277 6C6F6E67 		.ascii	"long long unsigned int\000"
 716      206C6F6E 
 716      6720756E 
 716      7369676E 
 716      65642069 
 717              	.LASF4:
 718 028e 6C6F6E67 		.ascii	"long int\000"
 718      20696E74 
 718      00
 719              	.LASF51:
 720 0297 4359424C 		.ascii	"CYBLE_EVT_GATTC_HANDLE_VALUE_IND\000"
 720      455F4556 
 720      545F4741 
 720      5454435F 
 720      48414E44 
 721              	.LASF26:
 722 02b8 4359424C 		.ascii	"CYBLE_EVT_GAP_DEVICE_CONNECTED\000"
 722      455F4556 
 722      545F4741 
 722      505F4445 
 722      56494345 
 723              	.LASF71:
 724 02d7 4359424C 		.ascii	"CYBLE_HRS_BSL\000"
ARM GAS  C:\Users\user\AppData\Local\Temp\cckmtQfs.s 			page 19


 724      455F4852 
 724      535F4253 
 724      4C00
 725              	.LASF50:
 726 02e5 4359424C 		.ascii	"CYBLE_EVT_GATTC_HANDLE_VALUE_NTF\000"
 726      455F4556 
 726      545F4741 
 726      5454435F 
 726      48414E44 
 727              	.LASF18:
 728 0306 4359424C 		.ascii	"CYBLE_EVT_STACK_BUSY_STATUS\000"
 728      455F4556 
 728      545F5354 
 728      41434B5F 
 728      42555359 
 729              	.LASF75:
 730 0322 4359424C 		.ascii	"CYBLE_DIS_MODEL_NUMBER\000"
 730      455F4449 
 730      535F4D4F 
 730      44454C5F 
 730      4E554D42 
 731              	.LASF22:
 732 0339 4359424C 		.ascii	"CYBLE_EVT_GAP_PASSKEY_DISPLAY_REQUEST\000"
 732      455F4556 
 732      545F4741 
 732      505F5041 
 732      53534B45 
 733              	.LASF70:
 734 035f 4359424C 		.ascii	"CYBLE_HRS_HRM\000"
 734      455F4852 
 734      535F4852 
 734      4D00
 735              	.LASF60:
 736 036d 4359424C 		.ascii	"CYBLE_EVT_L2CAP_CBFC_CONN_CNF\000"
 736      455F4556 
 736      545F4C32 
 736      4341505F 
 736      43424643 
 737              	.LASF90:
 738 038b 57617463 		.ascii	"WatchdogTimer_GetTimestamp\000"
 738      68646F67 
 738      54696D65 
 738      725F4765 
 738      7454696D 
 739              	.LASF69:
 740 03a6 4359424C 		.ascii	"CYBLE_EVT_MAX\000"
 740      455F4556 
 740      545F4D41 
 740      5800
 741              	.LASF56:
 742 03b4 4359424C 		.ascii	"CYBLE_EVT_L2CAP_CONN_PARAM_UPDATE_REQ\000"
 742      455F4556 
 742      545F4C32 
 742      4341505F 
 742      434F4E4E 
 743              	.LASF1:
 744 03da 756E7369 		.ascii	"unsigned char\000"
ARM GAS  C:\Users\user\AppData\Local\Temp\cckmtQfs.s 			page 20


 744      676E6564 
 744      20636861 
 744      7200
 745              	.LASF47:
 746 03e8 4359424C 		.ascii	"CYBLE_EVT_GATTS_PREP_WRITE_REQ\000"
 746      455F4556 
 746      545F4741 
 746      5454535F 
 746      50524550 
 747              	.LASF68:
 748 0407 4359424C 		.ascii	"CYBLE_EVT_LE_PING_AUTH_TIMEOUT\000"
 748      455F4556 
 748      545F4C45 
 748      5F50494E 
 748      475F4155 
 749              	.LASF72:
 750 0426 4359424C 		.ascii	"CYBLE_HRS_CPT\000"
 750      455F4852 
 750      535F4350 
 750      5400
 751              	.LASF0:
 752 0434 7369676E 		.ascii	"signed char\000"
 752      65642063 
 752      68617200 
 753              	.LASF44:
 754 0440 4359424C 		.ascii	"CYBLE_EVT_GATTS_WRITE_REQ\000"
 754      455F4556 
 754      545F4741 
 754      5454535F 
 754      57524954 
 755              	.LASF40:
 756 045a 4359424C 		.ascii	"CYBLE_EVT_GATTC_FIND_BY_TYPE_VALUE_RSP\000"
 756      455F4556 
 756      545F4741 
 756      5454435F 
 756      46494E44 
 757              	.LASF23:
 758 0481 4359424C 		.ascii	"CYBLE_EVT_GAP_AUTH_COMPLETE\000"
 758      455F4556 
 758      545F4741 
 758      505F4155 
 758      54485F43 
 759              	.LASF8:
 760 049d 756E7369 		.ascii	"unsigned int\000"
 760      676E6564 
 760      20696E74 
 760      00
 761              	.LASF33:
 762 04aa 4359424C 		.ascii	"CYBLE_EVT_GATT_CONNECT_IND\000"
 762      455F4556 
 762      545F4741 
 762      54545F43 
 762      4F4E4E45 
 763              	.LASF5:
 764 04c5 6C6F6E67 		.ascii	"long unsigned int\000"
 764      20756E73 
 764      69676E65 
ARM GAS  C:\Users\user\AppData\Local\Temp\cckmtQfs.s 			page 21


 764      6420696E 
 764      7400
 765              	.LASF20:
 766 04d7 4359424C 		.ascii	"CYBLE_EVT_GAP_AUTH_REQ\000"
 766      455F4556 
 766      545F4741 
 766      505F4155 
 766      54485F52 
 767              	.LASF61:
 768 04ee 4359424C 		.ascii	"CYBLE_EVT_L2CAP_CBFC_DISCONN_IND\000"
 768      455F4556 
 768      545F4C32 
 768      4341505F 
 768      43424643 
 769              	.LASF28:
 770 050f 4359424C 		.ascii	"CYBLE_EVT_GAP_ENCRYPT_CHANGE\000"
 770      455F4556 
 770      545F4741 
 770      505F454E 
 770      43525950 
 771              	.LASF3:
 772 052c 73686F72 		.ascii	"short unsigned int\000"
 772      7420756E 
 772      7369676E 
 772      65642069 
 772      6E7400
 773              	.LASF29:
 774 053f 4359424C 		.ascii	"CYBLE_EVT_GAP_CONNECTION_UPDATE_COMPLETE\000"
 774      455F4556 
 774      545F4741 
 774      505F434F 
 774      4E4E4543 
 775              	.LASF11:
 776 0568 63686172 		.ascii	"char\000"
 776      00
 777              	.LASF58:
 778 056d 4359424C 		.ascii	"CYBLE_EVT_L2CAP_COMMAND_REJ\000"
 778      455F4556 
 778      545F4C32 
 778      4341505F 
 778      434F4D4D 
 779              	.LASF81:
 780 0589 4359424C 		.ascii	"CYBLE_DIS_REG_CERT_DATA\000"
 780      455F4449 
 780      535F5245 
 780      475F4345 
 780      52545F44 
 781              	.LASF42:
 782 05a1 4359424C 		.ascii	"CYBLE_EVT_GATTC_READ_BLOB_RSP\000"
 782      455F4556 
 782      545F4741 
 782      5454435F 
 782      52454144 
 783              	.LASF49:
 784 05bf 4359424C 		.ascii	"CYBLE_EVT_GATTC_EXEC_WRITE_RSP\000"
 784      455F4556 
 784      545F4741 
ARM GAS  C:\Users\user\AppData\Local\Temp\cckmtQfs.s 			page 22


 784      5454435F 
 784      45584543 
 785              	.LASF89:
 786 05de 75696E74 		.ascii	"uint32\000"
 786      333200
 787              	.LASF67:
 788 05e5 4359424C 		.ascii	"CYBLE_EVT_PENDING_FLASH_WRITE\000"
 788      455F4556 
 788      545F5045 
 788      4E44494E 
 788      475F464C 
 789              	.LASF64:
 790 0603 4359424C 		.ascii	"CYBLE_EVT_L2CAP_CBFC_RX_CREDIT_IND\000"
 790      455F4556 
 790      545F4C32 
 790      4341505F 
 790      43424643 
 791              	.LASF10:
 792 0626 646F7562 		.ascii	"double\000"
 792      6C6500
 793              	.LASF65:
 794 062d 4359424C 		.ascii	"CYBLE_EVT_L2CAP_CBFC_TX_CREDIT_IND\000"
 794      455F4556 
 794      545F4C32 
 794      4341505F 
 794      43424643 
 795              	.LASF83:
 796 0650 4359424C 		.ascii	"CYBLE_DIS_CHAR_COUNT\000"
 796      455F4449 
 796      535F4348 
 796      41525F43 
 796      4F554E54 
 797              	.LASF25:
 798 0665 4359424C 		.ascii	"CYBLE_EVT_GAPP_ADVERTISEMENT_START_STOP\000"
 798      455F4556 
 798      545F4741 
 798      50505F41 
 798      44564552 
 799              	.LASF16:
 800 068d 4359424C 		.ascii	"CYBLE_EVT_HARDWARE_ERROR\000"
 800      455F4556 
 800      545F4841 
 800      52445741 
 800      52455F45 
 801              	.LASF63:
 802 06a6 4359424C 		.ascii	"CYBLE_EVT_L2CAP_CBFC_DATA_READ\000"
 802      455F4556 
 802      545F4C32 
 802      4341505F 
 802      43424643 
 803              	.LASF57:
 804 06c5 4359424C 		.ascii	"CYBLE_EVT_L2CAP_CONN_PARAM_UPDATE_RSP\000"
 804      455F4556 
 804      545F4C32 
 804      4341505F 
 804      434F4E4E 
 805              	.LASF91:
ARM GAS  C:\Users\user\AppData\Local\Temp\cckmtQfs.s 			page 23


 806 06eb 77617463 		.ascii	"watchdogTimestamp\000"
 806      68646F67 
 806      54696D65 
 806      7374616D 
 806      7000
 807              	.LASF19:
 808 06fd 4359424C 		.ascii	"CYBLE_EVT_GAPC_SCAN_PROGRESS_RESULT\000"
 808      455F4556 
 808      545F4741 
 808      50435F53 
 808      43414E5F 
 809              	.LASF37:
 810 0721 4359424C 		.ascii	"CYBLE_EVT_GATTC_READ_BY_GROUP_TYPE_RSP\000"
 810      455F4556 
 810      545F4741 
 810      5454435F 
 810      52454144 
 811              	.LASF78:
 812 0748 4359424C 		.ascii	"CYBLE_DIS_FIRMWARE_REV\000"
 812      455F4449 
 812      535F4649 
 812      524D5741 
 812      52455F52 
 813              	.LASF36:
 814 075f 4359424C 		.ascii	"CYBLE_EVT_GATTC_XCHNG_MTU_RSP\000"
 814      455F4556 
 814      545F4741 
 814      5454435F 
 814      5843484E 
 815              	.LASF85:
 816 077d 57617463 		.ascii	"WatchdogTimer_Start\000"
 816      68646F67 
 816      54696D65 
 816      725F5374 
 816      61727400 
 817              	.LASF77:
 818 0791 4359424C 		.ascii	"CYBLE_DIS_HARDWARE_REV\000"
 818      455F4449 
 818      535F4841 
 818      52445741 
 818      52455F52 
 819              	.LASF15:
 820 07a8 4359424C 		.ascii	"CYBLE_EVT_TIMEOUT\000"
 820      455F4556 
 820      545F5449 
 820      4D454F55 
 820      5400
 821              	.LASF66:
 822 07ba 4359424C 		.ascii	"CYBLE_EVT_L2CAP_CBFC_DATA_WRITE_IND\000"
 822      455F4556 
 822      545F4C32 
 822      4341505F 
 822      43424643 
 823              	.LASF30:
 824 07de 4359424C 		.ascii	"CYBLE_EVT_GAPC_SCAN_START_STOP\000"
 824      455F4556 
 824      545F4741 
ARM GAS  C:\Users\user\AppData\Local\Temp\cckmtQfs.s 			page 24


 824      50435F53 
 824      43414E5F 
 825              	.LASF55:
 826 07fd 4359424C 		.ascii	"CYBLE_EVT_GATTS_READ_CHAR_VAL_ACCESS_REQ\000"
 826      455F4556 
 826      545F4741 
 826      5454535F 
 826      52454144 
 827              	.LASF39:
 828 0826 4359424C 		.ascii	"CYBLE_EVT_GATTC_FIND_INFO_RSP\000"
 828      455F4556 
 828      545F4741 
 828      5454435F 
 828      46494E44 
 829              	.LASF54:
 830 0844 4359424C 		.ascii	"CYBLE_EVT_GATTC_STOP_CMD_COMPLETE\000"
 830      455F4556 
 830      545F4741 
 830      5454435F 
 830      53544F50 
 831              	.LASF48:
 832 0866 4359424C 		.ascii	"CYBLE_EVT_GATTS_EXEC_WRITE_REQ\000"
 832      455F4556 
 832      545F4741 
 832      5454535F 
 832      45584543 
 833              	.LASF88:
 834 0885 453A5C32 		.ascii	"E:\\2016.05.27_BLE - Copy\\Cypress BLE Workshop\\Wo"
 834      3031362E 
 834      30352E32 
 834      375F424C 
 834      45202D20 
 835 08b5 726B7368 		.ascii	"rkshop Exrecises and Manuals\\Template Labs\\BLE La"
 835      6F702045 
 835      78726563 
 835      69736573 
 835      20616E64 
 836 08e6 6220325C 		.ascii	"b 2\\BLE Lab 2.cydsn\000"
 836      424C4520 
 836      4C616220 
 836      322E6379 
 836      64736E00 
 837              	.LASF27:
 838 08fa 4359424C 		.ascii	"CYBLE_EVT_GAP_DEVICE_DISCONNECTED\000"
 838      455F4556 
 838      545F4741 
 838      505F4445 
 838      56494345 
 839              	.LASF53:
 840 091c 4359424C 		.ascii	"CYBLE_EVT_GATTS_DATA_SIGNED_CMD_REQ\000"
 840      455F4556 
 840      545F4741 
 840      5454535F 
 840      44415441 
 841              	.LASF86:
 842 0940 474E5520 		.ascii	"GNU C 4.8.4 20140526 (release) [ARM/embedded-4_8-br"
 842      4320342E 
ARM GAS  C:\Users\user\AppData\Local\Temp\cckmtQfs.s 			page 25


 842      382E3420 
 842      32303134 
 842      30353236 
 843 0973 616E6368 		.ascii	"anch revision 211358] -mcpu=cortex-m0 -mthumb -g -O"
 843      20726576 
 843      6973696F 
 843      6E203231 
 843      31333538 
 844 09a6 30202D66 		.ascii	"0 -ffunction-sections\000"
 844      66756E63 
 844      74696F6E 
 844      2D736563 
 844      74696F6E 
 845              	.LASF80:
 846 09bc 4359424C 		.ascii	"CYBLE_DIS_SYSTEM_ID\000"
 846      455F4449 
 846      535F5359 
 846      5354454D 
 846      5F494400 
 847              	.LASF74:
 848 09d0 4359424C 		.ascii	"CYBLE_DIS_MANUFACTURER_NAME\000"
 848      455F4449 
 848      535F4D41 
 848      4E554641 
 848      43545552 
 849              	.LASF82:
 850 09ec 4359424C 		.ascii	"CYBLE_DIS_PNP_ID\000"
 850      455F4449 
 850      535F504E 
 850      505F4944 
 850      00
 851              		.ident	"GCC: (GNU Tools for ARM Embedded Processors) 4.8.4 20140526 (release) [ARM/embedded-4_8-br
